<?xml version="1.0" encoding="UTF-8"?>
<!-- Generated by org.testng.reporters.JUnitReportReporter -->
<testsuite hostname="MacBook-Air.lan" failures="0" tests="1" name="utilities.ExtentReports_Practice" time="1.075" errors="0" timestamp="2022-12-07T22:15:06 IST" skipped="0">
  <testcase classname="utilities.ExtentReports_Practice" name="report" time="1.075"/>
  <system-out/>
</testsuite> <!-- utilities.ExtentReports_Practice -->
