<?xml version="1.0" encoding="UTF-8"?>
<!-- Generated by org.testng.reporters.JUnitReportReporter -->
<testsuite hostname="MacBook-Air.lan" failures="0" tests="1" name="pom.testcases.Tc003" time="65.008" errors="0" timestamp="2023-01-02T22:24:37 IST" skipped="0">
  <testcase classname="pom.testcases.Tc003" name="irctcftr" time="65.008"/>
  <system-out/>
</testsuite> <!-- pom.testcases.Tc003 -->
