<?xml version="1.0" encoding="UTF-8"?>
<!-- Generated by org.testng.reporters.JUnitReportReporter -->
<testsuite hostname="MacBook-Air.lan" failures="0" tests="1" name="pom.testcases.Tc003new" time="88.619" errors="0" timestamp="2023-02-02T16:50:03 IST" skipped="0">
  <testcase classname="pom.testcases.Tc003new" name="irctcftrnewpage" time="88.619"/>
  <system-out/>
</testsuite> <!-- pom.testcases.Tc003new -->
