<?xml version="1.0" encoding="UTF-8"?>
<!-- Generated by org.testng.reporters.JUnitReportReporter -->
<testsuite hostname="MacBook-Air.lan" failures="0" tests="1" name="pom.testcases.Tc002" time="44.107" errors="0" timestamp="2022-12-19T12:36:24 IST" skipped="0">
  <testcase classname="pom.testcases.Tc002" name="irctcholiday" time="44.107"/>
  <system-out/>
</testsuite> <!-- pom.testcases.Tc002 -->
